<?xml version="1.0" encoding="UTF-8"?>
<!-- Generated by org.testng.reporters.JUnitReportReporter -->
<testsuite hostname="DESKTOP-F4RJL96" failures="0" tests="1" name="QAclick8.UTTest" time="10.757" errors="0" timestamp="2022-10-19T17:26:22 IST" skipped="0">
  <testcase classname="QAclick8.UTTest" name="startBrowser" time="10.757"/>
  <system-out/>
</testsuite> <!-- QAclick8.UTTest -->
