<?xml version="1.0" encoding="UTF-8"?>
<!-- Generated by org.testng.reporters.JUnitReportReporter -->
<testsuite hostname="DESKTOP-F4RJL96" failures="0" tests="1" name="QAclick8.UTTest" time="8.612" errors="0" timestamp="2022-10-19T18:12:45 IST" skipped="0">
  <testcase classname="QAclick8.UTTest" name="startBrowser" time="8.612"/>
  <system-out/>
</testsuite> <!-- QAclick8.UTTest -->
